<?xml version="1.0" encoding="UTF-8"?>
<testsuite name="hello.core.order.OrderServiceTest" tests="1" skipped="0" failures="0" errors="0" timestamp="2021-06-02T07:24:40" hostname="1101488M01" time="0.061">
  <properties/>
  <testcase name="createOrder()" classname="hello.core.order.OrderServiceTest" time="0.061"/>
  <system-out><![CDATA[]]></system-out>
  <system-err><![CDATA[]]></system-err>
</testsuite>
